[     352ms] [WARNING] [JavaScript Warning: "downloadable font: Glyph bbox was incorrect (glyph ids 12 15 20 33 35 38 48 55 59 60 61 62 65 67 69 80 91 92 93 94 104 109 114 117 118 120 121 122 123 124 125 126 132 133 134 143 144 149 164 165 166 168 176 181 183 187 201 202 203) (font-family: "Rajdhani" style:normal weight:400 stretch:100 src index:0) source: https://fonts.gstatic.com/s/rajdhani/v17/LDIxapCSOBg7S-QT7p4HM-Y.woff2"] @ :208
[     358ms] [WARNING] [JavaScript Warning: "downloadable font: Glyph bbox was incorrect (glyph ids 7 11 12 15 20 33 35 38 48 55 59 60 61 62 65 67 69 80 91 92 93 94 104 109 114 117 118 120 121 122 123 124 125 126 132 133 134 143 144 149 164 165 166 168 176 181 183 187 201 202 203) (font-family: "Rajdhani" style:normal weight:700 stretch:100 src index:0) source: https://fonts.gstatic.com/s/rajdhani/v17/LDI2apCSOBg7S-QT7pa8FvOreec.woff2"] @ :289
[     359ms] [WARNING] [JavaScript Warning: "downloadable font: Glyph bbox was incorrect (glyph ids 7 11 12 15 20 33 35 38 48 55 59 60 61 62 65 67 69 80 91 92 93 94 104 109 114 117 118 120 121 122 123 124 125 126 132 133 134 143 144 149 164 165 166 168 176 181 183 187 201 202 203) (font-family: "Rajdhani" style:normal weight:500 stretch:100 src index:0) source: https://fonts.gstatic.com/s/rajdhani/v17/LDI2apCSOBg7S-QT7pb0EPOreec.woff2"] @ :235
[     359ms] [WARNING] [JavaScript Warning: "downloadable font: Glyph bbox was incorrect (glyph ids 7 11 12 15 20 33 35 38 48 55 59 60 61 62 65 67 69 80 91 92 93 94 104 109 114 117 118 120 121 122 123 124 125 126 132 133 134 143 144 149 164 165 166 168 176 181 183 187 201 202 203) (font-family: "Rajdhani" style:normal weight:600 stretch:100 src index:0) source: https://fonts.gstatic.com/s/rajdhani/v17/LDI2apCSOBg7S-QT7pbYF_Oreec.woff2"] @ :262
[  206570ms] [WARNING] An error occurred in the <CombatSheet> component.

Consider adding an error boundary to your tree to customize error handling behavior.
Visit https://react.dev/link/error-boundaries to learn more about error boundaries.
 @ http://localhost:3000/zero-sanity-timeline/static/js/bundle.js:64129
[  206581ms] ReferenceError: MELTING_FLAME_COLUMN_ID is not defined
    at ./src/controller/calculation/statusQueryService.ts/StatusQueryService/this.meltingFlameEvents< (http://localhost:3000/zero-sanity-timeline/src_view_CombatSheet_tsx.6757b4f40c084bf0c1dc.hot-update.js:144:65)
    at StatusQueryService (http://localhost:3000/zero-sanity-timeline/src_view_CombatSheet_tsx.6757b4f40c084bf0c1dc.hot-update.js:144:38)
    at ./src/view/CombatSheet.tsx/CombatSheet/statusQuery< (http://localhost:3000/zero-sanity-timeline/static/js/src_view_CombatSheet_tsx.chunk.js:1378:76)
    at updateMemo (http://localhost:3000/zero-sanity-timeline/static/js/bundle.js:63808:17)
    at useMemo (http://localhost:3000/zero-sanity-timeline/static/js/bundle.js:72684:16)
    at ./node_modules/react/cjs/react.development.js/exports.useMemo (http://localhost:3000/zero-sanity-timeline/static/js/bundle.js:75937:32)
    at CombatSheet (http://localhost:3000/zero-sanity-timeline/static/js/src_view_CombatSheet_tsx.chunk.js:1378:69)
    at react_stack_bottom_frame (http://localhost:3000/zero-sanity-timeline/static/js/bundle.js:72186:18)
    at renderWithHooks (http://localhost:3000/zero-sanity-timeline/static/js/bundle.js:63059:38)
    at updateFunctionComponent (http://localhost:3000/zero-sanity-timeline/static/js/bundle.js:64448:17)
    at beginWork (http://localhost:3000/zero-sanity-timeline/static/js/bundle.js:65017:16)
    at runWithFiberInDEV (http://localhost:3000/zero-sanity-timeline/static/js/bundle.js:59535:125)
    at performUnitOfWork (http://localhost:3000/zero-sanity-timeline/static/js/bundle.js:67444:93)
    at workLoopSync (http://localhost:3000/zero-sanity-timeline/static/js/bundle.js:67339:55)
    at renderRootSync (http://localhost:3000/zero-sanity-timeline/static/js/bundle.js:67324:7)
    at performWorkOnRoot (http://localhost:3000/zero-sanity-timeline/static/js/bundle.js:66997:33)
    at performSyncWorkOnRoot (http://localhost:3000/zero-sanity-timeline/static/js/bundle.js:68107:22)
    at flushSyncWorkAcrossRoots_impl (http://localhost:3000/zero-sanity-timeline/static/js/bundle.js:68022:306)
    at flushSyncWork$1 (http://localhost:3000/zero-sanity-timeline/static/js/bundle.js:67127:82)
    at scheduleRefresh (http://localhost:3000/zero-sanity-timeline/static/js/bundle.js:58948:7)
    at ./node_modules/react-refresh/cjs/react-refresh-runtime.development.js/performReactRefresh/< (http://localhost:3000/zero-sanity-timeline/static/js/bundle.js:74524:21)
    at performReactRefresh (http://localhost:3000/zero-sanity-timeline/static/js/bundle.js:74516:30)
    at ./node_modules/ (pmmmwh/react-refresh-webpack-plugin/lib/runtime/RefreshUtils.js/createDebounceUpdate/enqueueUpdate/refreshTimeout<@http://localhost:3000/zero-sanity-timeline/static/js/bundle.js:57974:17)
    at setTimeout handler*enqueueUpdate (http://localhost:3000/zero-sanity-timeline/static/js/bundle.js:57972:24)
    at executeRuntime (http://localhost:3000/zero-sanity-timeline/static/js/bundle.js:58110:24)
    at $ReactRefreshModuleRuntime$ (http://localhost:3000/zero-sanity-timeline/static/js/src_view_CombatSheet_tsx.chunk.js:1815:34)
    at ./src/view/CombatSheet.tsx (http://localhost:3000/zero-sanity-timeline/static/js/src_view_CombatSheet_tsx.chunk.js:1828:29)
    at options.factory (http://localhost:3000/zero-sanity-timeline/static/js/bundle.js:89663:30)
    at __webpack_require__ (http://localhost:3000/zero-sanity-timeline/static/js/bundle.js:89060:32)
    at _requireSelf (http://localhost:3000/zero-sanity-timeline/static/js/bundle.js:89318:34)
    at onAccepted (http://localhost:3000/zero-sanity-timeline/static/js/bundle.js:90115:23)
    at promise callback*apply (http://localhost:3000/zero-sanity-timeline/static/js/bundle.js:90154:17)
    at internalApply/< (http://localhost:3000/zero-sanity-timeline/static/js/bundle.js:89588:30)
    at internalApply (http://localhost:3000/zero-sanity-timeline/static/js/bundle.js:89587:16)
    at hotCheck/</</</< (http://localhost:3000/zero-sanity-timeline/static/js/bundle.js:89495:26)
    at waitForBlockingPromises (http://localhost:3000/zero-sanity-timeline/static/js/bundle.js:89449:48)
    at hotCheck/</</< (http://localhost:3000/zero-sanity-timeline/static/js/bundle.js:89493:24)
    at promise callback*hotCheck/</< (http://localhost:3000/zero-sanity-timeline/static/js/bundle.js:89492:18)
    at promise callback*hotCheck/< (http://localhost:3000/zero-sanity-timeline/static/js/bundle.js:89472:43)
    at promise callback*hotCheck (http://localhost:3000/zero-sanity-timeline/static/js/bundle.js:89463:15)
    at check (http://localhost:3000/zero-sanity-timeline/static/js/bundle.js:78798:16)
    at handler (http://localhost:3000/zero-sanity-timeline/static/js/bundle.js:78836:7)
    at emit (http://localhost:3000/zero-sanity-timeline/static/js/bundle.js:58581:17)
    at reloadApp (http://localhost:3000/zero-sanity-timeline/static/js/bundle.js:78688:67)
    at warnings (http://localhost:3000/zero-sanity-timeline/static/js/bundle.js:76714:68)
    at ./node_modules/webpack-dev-server/client/socket.js/initSocket/< (http://localhost:3000/zero-sanity-timeline/static/js/bundle.js:78352:29)
    at ./node_modules/webpack-dev-server/client/clients/WebSocketClient.js/onMessage/this.client.onmessage (http://localhost:3000/zero-sanity-timeline/static/js/bundle.js:76368:10)
    at EventHandlerNonNull*onMessage (http://localhost:3000/zero-sanity-timeline/static/js/bundle.js:76367:7)
    at initSocket (http://localhost:3000/zero-sanity-timeline/static/js/bundle.js:78345:10)
    at ./node_modules/webpack-dev-server/client/index.js?protocol=ws%3A&hostname=0.0.0.0&port=3000&pathname=%2Fws&logging=none&overlay=%7B%22errors%22%3Atrue%2C%22warnings%22%3Afalse%7D&reconnect=10&hot=true&live-reload=true (http://localhost:3000/zero-sanity-timeline/static/js/bundle.js:76760:55)
    at options.factory (http://localhost:3000/zero-sanity-timeline/static/js/bundle.js:89663:30)
    at __webpack_require__ (http://localhost:3000/zero-sanity-timeline/static/js/bundle.js:89060:32)
    at  (http://localhost:3000/zero-sanity-timeline/static/js/bundle.js:90265:30)
    at  (http://localhost:3000/zero-sanity-timeline/static/js/bundle.js:90269:12)
