Total messages: 137 (Errors: 0, Warnings: 0)

[INFO] Download the React DevTools for a better development experience: https://react.dev/link/react-devtools @ http://localhost:3000/zero-sanity-timeline/static/js/bundle.js:71571
[TIMESTAMP] Blocking Track @ http://localhost:3000/zero-sanity-timeline/static/js/bundle.js:64767
[TIMESTAMP] Transition Track @ http://localhost:3000/zero-sanity-timeline/static/js/bundle.js:64767
[TIMESTAMP] Suspense Track @ http://localhost:3000/zero-sanity-timeline/static/js/bundle.js:64767
[TIMESTAMP] Idle Track @ http://localhost:3000/zero-sanity-timeline/static/js/bundle.js:64767
[TIMESTAMP] Render @ http://localhost:3000/zero-sanity-timeline/static/js/bundle.js:58960
[TIMESTAMP] Waiting for Paint @ http://localhost:3000/zero-sanity-timeline/static/js/bundle.js:65457
[TIMESTAMP] App @ http://localhost:3000/zero-sanity-timeline/static/js/bundle.js:58895
[TIMESTAMP] AppBar @ http://localhost:3000/zero-sanity-timeline/static/js/bundle.js:58895
[TIMESTAMP] ForwardRef(LoadoutSidebar) @ http://localhost:3000/zero-sanity-timeline/static/js/bundle.js:58895
[TIMESTAMP] ConfirmModal @ http://localhost:3000/zero-sanity-timeline/static/js/bundle.js:58895
[TIMESTAMP] ConfirmModal @ http://localhost:3000/zero-sanity-timeline/static/js/bundle.js:58895
[TIMESTAMP] App @ http://localhost:3000/zero-sanity-timeline/static/js/bundle.js:58954
[TIMESTAMP] App @ http://localhost:3000/zero-sanity-timeline/static/js/bundle.js:58954
[TIMESTAMP] Remaining Effects @ http://localhost:3000/zero-sanity-timeline/static/js/bundle.js:65473
[TIMESTAMP] Blocking Track @ http://localhost:3000/zero-sanity-timeline/static/js/bundle.js:64767
[TIMESTAMP] Transition Track @ http://localhost:3000/zero-sanity-timeline/static/js/bundle.js:64767
[TIMESTAMP] Suspense Track @ http://localhost:3000/zero-sanity-timeline/static/js/bundle.js:64767
[TIMESTAMP] Idle Track @ http://localhost:3000/zero-sanity-timeline/static/js/bundle.js:64767
[TIMESTAMP] Render @ http://localhost:3000/zero-sanity-timeline/static/js/bundle.js:58960
[TIMESTAMP] Commit @ http://localhost:3000/zero-sanity-timeline/static/js/bundle.js:65332
[TIMESTAMP] Waiting for Paint @ http://localhost:3000/zero-sanity-timeline/static/js/bundle.js:65457
[TIMESTAMP] App @ http://localhost:3000/zero-sanity-timeline/static/js/bundle.js:58895
[TIMESTAMP] Blocking Track @ http://localhost:3000/zero-sanity-timeline/static/js/bundle.js:64767
[TIMESTAMP] Transition Track @ http://localhost:3000/zero-sanity-timeline/static/js/bundle.js:64767
[TIMESTAMP] Suspense Track @ http://localhost:3000/zero-sanity-timeline/static/js/bundle.js:64767
[TIMESTAMP] Idle Track @ http://localhost:3000/zero-sanity-timeline/static/js/bundle.js:64767
[TIMESTAMP] Blocking Track @ http://localhost:3000/zero-sanity-timeline/static/js/bundle.js:64767
[TIMESTAMP] Transition Track @ http://localhost:3000/zero-sanity-timeline/static/js/bundle.js:64767
[TIMESTAMP] Suspense Track @ http://localhost:3000/zero-sanity-timeline/static/js/bundle.js:64767
[TIMESTAMP] Idle Track @ http://localhost:3000/zero-sanity-timeline/static/js/bundle.js:64767
[TIMESTAMP] Blocked @ http://localhost:3000/zero-sanity-timeline/static/js/bundle.js:64582
[TIMESTAMP] Blocked @ http://localhost:3000/zero-sanity-timeline/static/js/bundle.js:64582
[TIMESTAMP] Blocking Track @ http://localhost:3000/zero-sanity-timeline/static/js/bundle.js:64767
[TIMESTAMP] Transition Track @ http://localhost:3000/zero-sanity-timeline/static/js/bundle.js:64767
[TIMESTAMP] Suspense Track @ http://localhost:3000/zero-sanity-timeline/static/js/bundle.js:64767
[TIMESTAMP] Idle Track @ http://localhost:3000/zero-sanity-timeline/static/js/bundle.js:64767
[TIMESTAMP] Render @ http://localhost:3000/zero-sanity-timeline/static/js/bundle.js:58960
[TIMESTAMP] Throttled @ http://localhost:3000/zero-sanity-timeline/static/js/bundle.js:58996
[TIMESTAMP] CombatPlanner @ http://localhost:3000/zero-sanity-timeline/static/js/bundle.js:58954
[TIMESTAMP] Commit @ http://localhost:3000/zero-sanity-timeline/static/js/bundle.js:65332
[TIMESTAMP] CombatPlanner @ http://localhost:3000/zero-sanity-timeline/static/js/bundle.js:58895
[TIMESTAMP] OperatorLoadoutHeader @ http://localhost:3000/zero-sanity-timeline/static/js/bundle.js:58895
[TIMESTAMP] IconDropdown @ http://localhost:3000/zero-sanity-timeline/static/js/bundle.js:58895
[TIMESTAMP] IconDropdown @ http://localhost:3000/zero-sanity-timeline/static/js/bundle.js:58895
[TIMESTAMP] IconDropdown @ http://localhost:3000/zero-sanity-timeline/static/js/bundle.js:58895
[TIMESTAMP] IconDropdown @ http://localhost:3000/zero-sanity-timeline/static/js/bundle.js:58895
[TIMESTAMP] IconDropdown @ http://localhost:3000/zero-sanity-timeline/static/js/bundle.js:58895
[TIMESTAMP] IconDropdown @ http://localhost:3000/zero-sanity-timeline/static/js/bundle.js:58895
[TIMESTAMP] IconDropdown @ http://localhost:3000/zero-sanity-timeline/static/js/bundle.js:58954
[TIMESTAMP] IconDropdown @ http://localhost:3000/zero-sanity-timeline/static/js/bundle.js:58895
[TIMESTAMP] OperatorLoadoutHeader @ http://localhost:3000/zero-sanity-timeline/static/js/bundle.js:58895
[TIMESTAMP] IconDropdown @ http://localhost:3000/zero-sanity-timeline/static/js/bundle.js:58895
[TIMESTAMP] IconDropdown @ http://localhost:3000/zero-sanity-timeline/static/js/bundle.js:58895
[TIMESTAMP] IconDropdown @ http://localhost:3000/zero-sanity-timeline/static/js/bundle.js:58895
[TIMESTAMP] IconDropdown @ http://localhost:3000/zero-sanity-timeline/static/js/bundle.js:58895
[TIMESTAMP] IconDropdown @ http://localhost:3000/zero-sanity-timeline/static/js/bundle.js:58895
[TIMESTAMP] IconDropdown @ http://localhost:3000/zero-sanity-timeline/static/js/bundle.js:58895
[TIMESTAMP] IconDropdown @ http://localhost:3000/zero-sanity-timeline/static/js/bundle.js:58895
[TIMESTAMP] OperatorLoadoutHeader @ http://localhost:3000/zero-sanity-timeline/static/js/bundle.js:58895
[TIMESTAMP] IconDropdown @ http://localhost:3000/zero-sanity-timeline/static/js/bundle.js:58895
[TIMESTAMP] IconDropdown @ http://localhost:3000/zero-sanity-timeline/static/js/bundle.js:58895
[TIMESTAMP] IconDropdown @ http://localhost:3000/zero-sanity-timeline/static/js/bundle.js:58895
[TIMESTAMP] IconDropdown @ http://localhost:3000/zero-sanity-timeline/static/js/bundle.js:58895
[TIMESTAMP] IconDropdown @ http://localhost:3000/zero-sanity-timeline/static/js/bundle.js:58895
[TIMESTAMP] IconDropdown @ http://localhost:3000/zero-sanity-timeline/static/js/bundle.js:58895
[TIMESTAMP] IconDropdown @ http://localhost:3000/zero-sanity-timeline/static/js/bundle.js:58895
[TIMESTAMP] OperatorLoadoutHeader @ http://localhost:3000/zero-sanity-timeline/static/js/bundle.js:58895
[TIMESTAMP] IconDropdown @ http://localhost:3000/zero-sanity-timeline/static/js/bundle.js:58895
[TIMESTAMP] IconDropdown @ http://localhost:3000/zero-sanity-timeline/static/js/bundle.js:58895
[TIMESTAMP] IconDropdown @ http://localhost:3000/zero-sanity-timeline/static/js/bundle.js:58895
[TIMESTAMP] IconDropdown @ http://localhost:3000/zero-sanity-timeline/static/js/bundle.js:58895
[TIMESTAMP] IconDropdown @ http://localhost:3000/zero-sanity-timeline/static/js/bundle.js:58895
[TIMESTAMP] IconDropdown @ http://localhost:3000/zero-sanity-timeline/static/js/bundle.js:58954
[TIMESTAMP] IconDropdown @ http://localhost:3000/zero-sanity-timeline/static/js/bundle.js:58895
[TIMESTAMP] IconDropdown @ http://localhost:3000/zero-sanity-timeline/static/js/bundle.js:58895
[TIMESTAMP] CombatPlanner @ http://localhost:3000/zero-sanity-timeline/static/js/bundle.js:58954
[TIMESTAMP] CombatSheet @ http://localhost:3000/zero-sanity-timeline/static/js/bundle.js:58895
[TIMESTAMP] DamageRow @ http://localhost:3000/zero-sanity-timeline/static/js/bundle.js:58895
[TIMESTAMP] DamageRow @ http://localhost:3000/zero-sanity-timeline/static/js/bundle.js:58895
[TIMESTAMP] DamageRow @ http://localhost:3000/zero-sanity-timeline/static/js/bundle.js:58895
[TIMESTAMP] DevlogModal @ http://localhost:3000/zero-sanity-timeline/static/js/bundle.js:58895
[TIMESTAMP] ExportModal @ http://localhost:3000/zero-sanity-timeline/static/js/bundle.js:58895
[TIMESTAMP] Remaining Effects @ http://localhost:3000/zero-sanity-timeline/static/js/bundle.js:65473
[TIMESTAMP] Blocking Track @ http://localhost:3000/zero-sanity-timeline/static/js/bundle.js:64767
[TIMESTAMP] Transition Track @ http://localhost:3000/zero-sanity-timeline/static/js/bundle.js:64767
[TIMESTAMP] Suspense Track @ http://localhost:3000/zero-sanity-timeline/static/js/bundle.js:64767
[TIMESTAMP] Idle Track @ http://localhost:3000/zero-sanity-timeline/static/js/bundle.js:64767
[TIMESTAMP] Render @ http://localhost:3000/zero-sanity-timeline/static/js/bundle.js:58960
[TIMESTAMP] Commit @ http://localhost:3000/zero-sanity-timeline/static/js/bundle.js:65332
[TIMESTAMP] App @ http://localhost:3000/zero-sanity-timeline/static/js/bundle.js:58895
[TIMESTAMP] Remaining Effects @ http://localhost:3000/zero-sanity-timeline/static/js/bundle.js:65473
[TIMESTAMP] Blocking Track @ http://localhost:3000/zero-sanity-timeline/static/js/bundle.js:64767
[TIMESTAMP] Transition Track @ http://localhost:3000/zero-sanity-timeline/static/js/bundle.js:64767
[TIMESTAMP] Suspense Track @ http://localhost:3000/zero-sanity-timeline/static/js/bundle.js:64767
[TIMESTAMP] Idle Track @ http://localhost:3000/zero-sanity-timeline/static/js/bundle.js:64767
[TIMESTAMP] Render @ http://localhost:3000/zero-sanity-timeline/static/js/bundle.js:58960
[TIMESTAMP] Commit @ http://localhost:3000/zero-sanity-timeline/static/js/bundle.js:65332
[TIMESTAMP] Waiting for Paint @ http://localhost:3000/zero-sanity-timeline/static/js/bundle.js:65457
[TIMESTAMP] CombatPlanner @ http://localhost:3000/zero-sanity-timeline/static/js/bundle.js:58895
[TIMESTAMP] Remaining Effects @ http://localhost:3000/zero-sanity-timeline/static/js/bundle.js:65473
[TIMESTAMP] Blocking Track @ http://localhost:3000/zero-sanity-timeline/static/js/bundle.js:64767
[TIMESTAMP] Transition Track @ http://localhost:3000/zero-sanity-timeline/static/js/bundle.js:64767
[TIMESTAMP] Suspense Track @ http://localhost:3000/zero-sanity-timeline/static/js/bundle.js:64767
[TIMESTAMP] Idle Track @ http://localhost:3000/zero-sanity-timeline/static/js/bundle.js:64767
[TIMESTAMP] Render @ http://localhost:3000/zero-sanity-timeline/static/js/bundle.js:58960
[TIMESTAMP] Commit @ http://localhost:3000/zero-sanity-timeline/static/js/bundle.js:65332
[TIMESTAMP] App @ http://localhost:3000/zero-sanity-timeline/static/js/bundle.js:58895
[TIMESTAMP] CombatPlanner @ http://localhost:3000/zero-sanity-timeline/static/js/bundle.js:58954
[TIMESTAMP] App @ http://localhost:3000/zero-sanity-timeline/static/js/bundle.js:58954
[TIMESTAMP] Remaining Effects @ http://localhost:3000/zero-sanity-timeline/static/js/bundle.js:65473
[TIMESTAMP] Blocking Track @ http://localhost:3000/zero-sanity-timeline/static/js/bundle.js:64767
[TIMESTAMP] Transition Track @ http://localhost:3000/zero-sanity-timeline/static/js/bundle.js:64767
[TIMESTAMP] Suspense Track @ http://localhost:3000/zero-sanity-timeline/static/js/bundle.js:64767
[TIMESTAMP] Idle Track @ http://localhost:3000/zero-sanity-timeline/static/js/bundle.js:64767
[TIMESTAMP] Render @ http://localhost:3000/zero-sanity-timeline/static/js/bundle.js:58960
[TIMESTAMP] Commit @ http://localhost:3000/zero-sanity-timeline/static/js/bundle.js:65332
[TIMESTAMP] Waiting for Paint @ http://localhost:3000/zero-sanity-timeline/static/js/bundle.js:65457
[TIMESTAMP] App @ http://localhost:3000/zero-sanity-timeline/static/js/bundle.js:58895
[TIMESTAMP] Remaining Effects @ http://localhost:3000/zero-sanity-timeline/static/js/bundle.js:65473
[TIMESTAMP] Blocking Track @ http://localhost:3000/zero-sanity-timeline/static/js/bundle.js:64767
[TIMESTAMP] Transition Track @ http://localhost:3000/zero-sanity-timeline/static/js/bundle.js:64767
[TIMESTAMP] Suspense Track @ http://localhost:3000/zero-sanity-timeline/static/js/bundle.js:64767
[TIMESTAMP] Idle Track @ http://localhost:3000/zero-sanity-timeline/static/js/bundle.js:64767
[TIMESTAMP] Render @ http://localhost:3000/zero-sanity-timeline/static/js/bundle.js:58960
[TIMESTAMP] Commit @ http://localhost:3000/zero-sanity-timeline/static/js/bundle.js:65332
[TIMESTAMP] App @ http://localhost:3000/zero-sanity-timeline/static/js/bundle.js:58895
[TIMESTAMP] CombatPlanner @ http://localhost:3000/zero-sanity-timeline/static/js/bundle.js:58954
[TIMESTAMP] Remaining Effects @ http://localhost:3000/zero-sanity-timeline/static/js/bundle.js:65473
[TIMESTAMP] Blocking Track @ http://localhost:3000/zero-sanity-timeline/static/js/bundle.js:64767
[TIMESTAMP] Transition Track @ http://localhost:3000/zero-sanity-timeline/static/js/bundle.js:64767
[TIMESTAMP] Suspense Track @ http://localhost:3000/zero-sanity-timeline/static/js/bundle.js:64767
[TIMESTAMP] Idle Track @ http://localhost:3000/zero-sanity-timeline/static/js/bundle.js:64767
[TIMESTAMP] Render @ http://localhost:3000/zero-sanity-timeline/static/js/bundle.js:58960
[TIMESTAMP] Commit @ http://localhost:3000/zero-sanity-timeline/static/js/bundle.js:65332
[TIMESTAMP] Waiting for Paint @ http://localhost:3000/zero-sanity-timeline/static/js/bundle.js:65457
[TIMESTAMP] App @ http://localhost:3000/zero-sanity-timeline/static/js/bundle.js:58895