[   31252ms] [WARNING] An error occurred in the <App> component.

Consider adding an error boundary to your tree to customize error handling behavior.
Visit https://react.dev/link/error-boundaries to learn more about error boundaries.
 @ http://localhost:3000/zero-sanity-timeline/static/js/bundle.js:62609
[   31262ms] ReferenceError: resolveFramePositions is not defined
    at processInflictionEvents (http://localhost:3000/zero-sanity-timeline/main.a2e1a8d919a7897b5ee1.hot-update.js:400:30)
    at ./src/app/useApp.ts/useApp/processedEvents< (http://localhost:3000/zero-sanity-timeline/static/js/bundle.js:800:176)
    at updateMemo (http://localhost:3000/zero-sanity-timeline/static/js/bundle.js:62288:17)
    at useMemo (http://localhost:3000/zero-sanity-timeline/static/js/bundle.js:71164:16)
    at ./node_modules/react/cjs/react.development.js/exports.useMemo (http://localhost:3000/zero-sanity-timeline/static/js/bundle.js:74417:32)
    at useApp (http://localhost:3000/zero-sanity-timeline/static/js/bundle.js:800:73)
    at App (http://localhost:3000/zero-sanity-timeline/static/js/bundle.js:51:66)
    at react_stack_bottom_frame (http://localhost:3000/zero-sanity-timeline/static/js/bundle.js:70666:18)
    at renderWithHooks (http://localhost:3000/zero-sanity-timeline/static/js/bundle.js:61539:38)
    at updateFunctionComponent (http://localhost:3000/zero-sanity-timeline/static/js/bundle.js:62928:17)
    at beginWork (http://localhost:3000/zero-sanity-timeline/static/js/bundle.js:63497:16)
    at runWithFiberInDEV (http://localhost:3000/zero-sanity-timeline/static/js/bundle.js:58015:125)
    at performUnitOfWork (http://localhost:3000/zero-sanity-timeline/static/js/bundle.js:65924:93)
    at workLoopSync (http://localhost:3000/zero-sanity-timeline/static/js/bundle.js:65819:55)
    at renderRootSync (http://localhost:3000/zero-sanity-timeline/static/js/bundle.js:65804:7)
    at performWorkOnRoot (http://localhost:3000/zero-sanity-timeline/static/js/bundle.js:65477:33)
    at performSyncWorkOnRoot (http://localhost:3000/zero-sanity-timeline/static/js/bundle.js:66587:22)
    at flushSyncWorkAcrossRoots_impl (http://localhost:3000/zero-sanity-timeline/static/js/bundle.js:66502:306)
    at flushSyncWork$1 (http://localhost:3000/zero-sanity-timeline/static/js/bundle.js:65607:82)
    at scheduleRefresh (http://localhost:3000/zero-sanity-timeline/static/js/bundle.js:57428:7)
    at ./node_modules/react-refresh/cjs/react-refresh-runtime.development.js/performReactRefresh/< (http://localhost:3000/zero-sanity-timeline/static/js/bundle.js:73004:21)
    at performReactRefresh (http://localhost:3000/zero-sanity-timeline/static/js/bundle.js:72996:30)
    at ./node_modules/ (pmmmwh/react-refresh-webpack-plugin/lib/runtime/RefreshUtils.js/createDebounceUpdate/enqueueUpdate/refreshTimeout<@http://localhost:3000/zero-sanity-timeline/static/js/bundle.js:56454:17)
    at setTimeout handler*enqueueUpdate (http://localhost:3000/zero-sanity-timeline/static/js/bundle.js:56452:24)
    at executeRuntime (http://localhost:3000/zero-sanity-timeline/static/js/bundle.js:56590:24)
    at $ReactRefreshModuleRuntime$ (http://localhost:3000/zero-sanity-timeline/static/js/bundle.js:48639:34)
    at ./src/view/CombatSheet.tsx (http://localhost:3000/zero-sanity-timeline/static/js/bundle.js:48652:29)
    at options.factory (http://localhost:3000/zero-sanity-timeline/static/js/bundle.js:87844:30)
    at __webpack_require__ (http://localhost:3000/zero-sanity-timeline/static/js/bundle.js:87265:32)
    at _requireSelf (http://localhost:3000/zero-sanity-timeline/static/js/bundle.js:87499:34)
    at onAccepted (http://localhost:3000/zero-sanity-timeline/static/js/bundle.js:88259:23)
    at promise callback*apply (http://localhost:3000/zero-sanity-timeline/static/js/bundle.js:88298:17)
    at internalApply/< (http://localhost:3000/zero-sanity-timeline/static/js/bundle.js:87769:30)
    at internalApply (http://localhost:3000/zero-sanity-timeline/static/js/bundle.js:87768:16)
    at hotCheck/</</</< (http://localhost:3000/zero-sanity-timeline/static/js/bundle.js:87676:26)
    at waitForBlockingPromises (http://localhost:3000/zero-sanity-timeline/static/js/bundle.js:87630:48)
    at hotCheck/</</< (http://localhost:3000/zero-sanity-timeline/static/js/bundle.js:87674:24)
    at promise callback*hotCheck/</< (http://localhost:3000/zero-sanity-timeline/static/js/bundle.js:87673:18)
    at promise callback*hotCheck/< (http://localhost:3000/zero-sanity-timeline/static/js/bundle.js:87653:43)
    at promise callback*hotCheck (http://localhost:3000/zero-sanity-timeline/static/js/bundle.js:87644:15)
    at check (http://localhost:3000/zero-sanity-timeline/static/js/bundle.js:77278:16)
    at handler (http://localhost:3000/zero-sanity-timeline/static/js/bundle.js:77316:7)
    at emit (http://localhost:3000/zero-sanity-timeline/static/js/bundle.js:57061:17)
    at reloadApp (http://localhost:3000/zero-sanity-timeline/static/js/bundle.js:77168:67)
    at warnings (http://localhost:3000/zero-sanity-timeline/static/js/bundle.js:75194:68)
    at ./node_modules/webpack-dev-server/client/socket.js/initSocket/< (http://localhost:3000/zero-sanity-timeline/static/js/bundle.js:76832:29)
    at ./node_modules/webpack-dev-server/client/clients/WebSocketClient.js/onMessage/this.client.onmessage (http://localhost:3000/zero-sanity-timeline/static/js/bundle.js:74848:10)
    at EventHandlerNonNull*onMessage (http://localhost:3000/zero-sanity-timeline/static/js/bundle.js:74847:7)
    at initSocket (http://localhost:3000/zero-sanity-timeline/static/js/bundle.js:76825:10)
    at ./node_modules/webpack-dev-server/client/index.js?protocol=ws%3A&hostname=0.0.0.0&port=3000&pathname=%2Fws&logging=none&overlay=%7B%22errors%22%3Atrue%2C%22warnings%22%3Afalse%7D&reconnect=10&hot=true&live-reload=true (http://localhost:3000/zero-sanity-timeline/static/js/bundle.js:75240:55)
    at options.factory (http://localhost:3000/zero-sanity-timeline/static/js/bundle.js:87844:30)
    at __webpack_require__ (http://localhost:3000/zero-sanity-timeline/static/js/bundle.js:87265:32)
    at  (http://localhost:3000/zero-sanity-timeline/static/js/bundle.js:88382:30)
    at  (http://localhost:3000/zero-sanity-timeline/static/js/bundle.js:88386:12)
[   59173ms] [WARNING] An error occurred in the <CombatSheet> component.

Consider adding an error boundary to your tree to customize error handling behavior.
Visit https://react.dev/link/error-boundaries to learn more about error boundaries.
 @ http://localhost:3000/zero-sanity-timeline/static/js/bundle.js:62609
[   59181ms] ReferenceError: collectTimeStopRegions is not defined
    at buildDamageTableRows (http://localhost:3000/zero-sanity-timeline/main.fd05d3d1ca1ea50eb0be.hot-update.js:153:17)
    at ./src/view/CombatSheet.tsx/CombatSheet/rows< (http://localhost:3000/zero-sanity-timeline/static/js/bundle.js:48223:165)
    at updateMemo (http://localhost:3000/zero-sanity-timeline/static/js/bundle.js:62288:17)
    at useMemo (http://localhost:3000/zero-sanity-timeline/static/js/bundle.js:71164:16)
    at ./node_modules/react/cjs/react.development.js/exports.useMemo (http://localhost:3000/zero-sanity-timeline/static/js/bundle.js:74417:32)
    at CombatSheet (http://localhost:3000/zero-sanity-timeline/static/js/bundle.js:48223:62)
    at react_stack_bottom_frame (http://localhost:3000/zero-sanity-timeline/static/js/bundle.js:70666:18)
    at renderWithHooks (http://localhost:3000/zero-sanity-timeline/static/js/bundle.js:61539:38)
    at updateFunctionComponent (http://localhost:3000/zero-sanity-timeline/static/js/bundle.js:62928:17)
    at beginWork (http://localhost:3000/zero-sanity-timeline/static/js/bundle.js:63497:16)
    at runWithFiberInDEV (http://localhost:3000/zero-sanity-timeline/static/js/bundle.js:58015:125)
    at performUnitOfWork (http://localhost:3000/zero-sanity-timeline/static/js/bundle.js:65924:93)
    at workLoopSync (http://localhost:3000/zero-sanity-timeline/static/js/bundle.js:65819:55)
    at renderRootSync (http://localhost:3000/zero-sanity-timeline/static/js/bundle.js:65804:7)
    at performWorkOnRoot (http://localhost:3000/zero-sanity-timeline/static/js/bundle.js:65477:33)
    at performSyncWorkOnRoot (http://localhost:3000/zero-sanity-timeline/static/js/bundle.js:66587:22)
    at flushSyncWorkAcrossRoots_impl (http://localhost:3000/zero-sanity-timeline/static/js/bundle.js:66502:306)
    at flushSyncWork$1 (http://localhost:3000/zero-sanity-timeline/static/js/bundle.js:65607:82)
    at scheduleRefresh (http://localhost:3000/zero-sanity-timeline/static/js/bundle.js:57428:7)
    at ./node_modules/react-refresh/cjs/react-refresh-runtime.development.js/performReactRefresh/< (http://localhost:3000/zero-sanity-timeline/static/js/bundle.js:73004:21)
    at performReactRefresh (http://localhost:3000/zero-sanity-timeline/static/js/bundle.js:72996:30)
    at ./node_modules/ (pmmmwh/react-refresh-webpack-plugin/lib/runtime/RefreshUtils.js/createDebounceUpdate/enqueueUpdate/refreshTimeout<@http://localhost:3000/zero-sanity-timeline/static/js/bundle.js:56454:17)
    at setTimeout handler*enqueueUpdate (http://localhost:3000/zero-sanity-timeline/static/js/bundle.js:56452:24)
    at executeRuntime (http://localhost:3000/zero-sanity-timeline/static/js/bundle.js:56590:24)
    at $ReactRefreshModuleRuntime$ (http://localhost:3000/zero-sanity-timeline/static/js/bundle.js:48639:34)
    at ./src/view/CombatSheet.tsx (http://localhost:3000/zero-sanity-timeline/static/js/bundle.js:48652:29)
    at options.factory (http://localhost:3000/zero-sanity-timeline/static/js/bundle.js:87844:30)
    at __webpack_require__ (http://localhost:3000/zero-sanity-timeline/static/js/bundle.js:87265:32)
    at _requireSelf (http://localhost:3000/zero-sanity-timeline/static/js/bundle.js:87499:34)
    at onAccepted (http://localhost:3000/zero-sanity-timeline/static/js/bundle.js:88259:23)
    at promise callback*apply (http://localhost:3000/zero-sanity-timeline/static/js/bundle.js:88298:17)
    at internalApply/< (http://localhost:3000/zero-sanity-timeline/static/js/bundle.js:87769:30)
    at internalApply (http://localhost:3000/zero-sanity-timeline/static/js/bundle.js:87768:16)
    at hotCheck/</</</< (http://localhost:3000/zero-sanity-timeline/static/js/bundle.js:87676:26)
    at waitForBlockingPromises (http://localhost:3000/zero-sanity-timeline/static/js/bundle.js:87630:48)
    at hotCheck/</</< (http://localhost:3000/zero-sanity-timeline/static/js/bundle.js:87674:24)
    at promise callback*hotCheck/</< (http://localhost:3000/zero-sanity-timeline/static/js/bundle.js:87673:18)
    at promise callback*hotCheck/< (http://localhost:3000/zero-sanity-timeline/static/js/bundle.js:87653:43)
    at promise callback*hotCheck (http://localhost:3000/zero-sanity-timeline/static/js/bundle.js:87644:15)
    at check (http://localhost:3000/zero-sanity-timeline/static/js/bundle.js:77278:16)
    at handler (http://localhost:3000/zero-sanity-timeline/static/js/bundle.js:77316:7)
    at emit (http://localhost:3000/zero-sanity-timeline/static/js/bundle.js:57061:17)
    at reloadApp (http://localhost:3000/zero-sanity-timeline/static/js/bundle.js:77168:67)
    at warnings (http://localhost:3000/zero-sanity-timeline/static/js/bundle.js:75194:68)
    at ./node_modules/webpack-dev-server/client/socket.js/initSocket/< (http://localhost:3000/zero-sanity-timeline/static/js/bundle.js:76832:29)
    at ./node_modules/webpack-dev-server/client/clients/WebSocketClient.js/onMessage/this.client.onmessage (http://localhost:3000/zero-sanity-timeline/static/js/bundle.js:74848:10)
    at EventHandlerNonNull*onMessage (http://localhost:3000/zero-sanity-timeline/static/js/bundle.js:74847:7)
    at initSocket (http://localhost:3000/zero-sanity-timeline/static/js/bundle.js:76825:10)
    at ./node_modules/webpack-dev-server/client/index.js?protocol=ws%3A&hostname=0.0.0.0&port=3000&pathname=%2Fws&logging=none&overlay=%7B%22errors%22%3Atrue%2C%22warnings%22%3Afalse%7D&reconnect=10&hot=true&live-reload=true (http://localhost:3000/zero-sanity-timeline/static/js/bundle.js:75240:55)
    at options.factory (http://localhost:3000/zero-sanity-timeline/static/js/bundle.js:87844:30)
    at __webpack_require__ (http://localhost:3000/zero-sanity-timeline/static/js/bundle.js:87265:32)
    at  (http://localhost:3000/zero-sanity-timeline/static/js/bundle.js:88382:30)
    at  (http://localhost:3000/zero-sanity-timeline/static/js/bundle.js:88386:12)
[   66856ms] [WARNING] An error occurred in the <CombatSheet> component.

Consider adding an error boundary to your tree to customize error handling behavior.
Visit https://react.dev/link/error-boundaries to learn more about error boundaries.
 @ http://localhost:3000/zero-sanity-timeline/static/js/bundle.js:62609
[   66858ms] ReferenceError: collectTimeStopRegions is not defined
    at buildDamageTableRows (http://localhost:3000/zero-sanity-timeline/main.f799c1b8c13a18164552.hot-update.js:153:17)
    at ./src/view/CombatSheet.tsx/CombatSheet/rows< (http://localhost:3000/zero-sanity-timeline/static/js/bundle.js:48223:165)
    at mountMemo (http://localhost:3000/zero-sanity-timeline/static/js/bundle.js:62271:21)
    at useMemo (http://localhost:3000/zero-sanity-timeline/static/js/bundle.js:70912:16)
    at ./node_modules/react/cjs/react.development.js/exports.useMemo (http://localhost:3000/zero-sanity-timeline/static/js/bundle.js:74417:32)
    at CombatSheet (http://localhost:3000/zero-sanity-timeline/static/js/bundle.js:48223:62)
    at react_stack_bottom_frame (http://localhost:3000/zero-sanity-timeline/static/js/bundle.js:70666:18)
    at renderWithHooks (http://localhost:3000/zero-sanity-timeline/static/js/bundle.js:61539:38)
    at updateFunctionComponent (http://localhost:3000/zero-sanity-timeline/static/js/bundle.js:62928:17)
    at beginWork (http://localhost:3000/zero-sanity-timeline/static/js/bundle.js:63497:16)
    at runWithFiberInDEV (http://localhost:3000/zero-sanity-timeline/static/js/bundle.js:58015:125)
    at performUnitOfWork (http://localhost:3000/zero-sanity-timeline/static/js/bundle.js:65924:93)
    at workLoopSync (http://localhost:3000/zero-sanity-timeline/static/js/bundle.js:65819:55)
    at renderRootSync (http://localhost:3000/zero-sanity-timeline/static/js/bundle.js:65804:7)
    at performWorkOnRoot (http://localhost:3000/zero-sanity-timeline/static/js/bundle.js:65477:33)
    at performSyncWorkOnRoot (http://localhost:3000/zero-sanity-timeline/static/js/bundle.js:66587:22)
    at flushSyncWorkAcrossRoots_impl (http://localhost:3000/zero-sanity-timeline/static/js/bundle.js:66502:306)
    at flushSyncWork$1 (http://localhost:3000/zero-sanity-timeline/static/js/bundle.js:65607:82)
    at scheduleRoot (http://localhost:3000/zero-sanity-timeline/static/js/bundle.js:57420:110)
    at ./node_modules/react-refresh/cjs/react-refresh-runtime.development.js/performReactRefresh/< (http://localhost:3000/zero-sanity-timeline/static/js/bundle.js:72988:21)
    at performReactRefresh (http://localhost:3000/zero-sanity-timeline/static/js/bundle.js:72973:29)
    at ./node_modules/ (pmmmwh/react-refresh-webpack-plugin/lib/runtime/RefreshUtils.js/createDebounceUpdate/enqueueUpdate/refreshTimeout<@http://localhost:3000/zero-sanity-timeline/static/js/bundle.js:56454:17)
    at setTimeout handler*enqueueUpdate (http://localhost:3000/zero-sanity-timeline/static/js/bundle.js:56452:24)
    at executeRuntime (http://localhost:3000/zero-sanity-timeline/static/js/bundle.js:56590:24)
    at $ReactRefreshModuleRuntime$ (http://localhost:3000/zero-sanity-timeline/static/js/bundle.js:48639:34)
    at ./src/view/CombatSheet.tsx (http://localhost:3000/zero-sanity-timeline/static/js/bundle.js:48652:29)
    at options.factory (http://localhost:3000/zero-sanity-timeline/static/js/bundle.js:87844:30)
    at __webpack_require__ (http://localhost:3000/zero-sanity-timeline/static/js/bundle.js:87265:32)
    at _requireSelf (http://localhost:3000/zero-sanity-timeline/static/js/bundle.js:87499:34)
    at onAccepted (http://localhost:3000/zero-sanity-timeline/static/js/bundle.js:88259:23)
    at promise callback*apply (http://localhost:3000/zero-sanity-timeline/static/js/bundle.js:88298:17)
    at internalApply/< (http://localhost:3000/zero-sanity-timeline/static/js/bundle.js:87769:30)
    at internalApply (http://localhost:3000/zero-sanity-timeline/static/js/bundle.js:87768:16)
    at hotCheck/</</</< (http://localhost:3000/zero-sanity-timeline/static/js/bundle.js:87676:26)
    at waitForBlockingPromises (http://localhost:3000/zero-sanity-timeline/static/js/bundle.js:87630:48)
    at hotCheck/</</< (http://localhost:3000/zero-sanity-timeline/static/js/bundle.js:87674:24)
    at promise callback*hotCheck/</< (http://localhost:3000/zero-sanity-timeline/static/js/bundle.js:87673:18)
    at promise callback*hotCheck/< (http://localhost:3000/zero-sanity-timeline/static/js/bundle.js:87653:43)
    at promise callback*hotCheck (http://localhost:3000/zero-sanity-timeline/static/js/bundle.js:87644:15)
    at check (http://localhost:3000/zero-sanity-timeline/static/js/bundle.js:77278:16)
    at handler (http://localhost:3000/zero-sanity-timeline/static/js/bundle.js:77316:7)
    at emit (http://localhost:3000/zero-sanity-timeline/static/js/bundle.js:57061:17)
    at reloadApp (http://localhost:3000/zero-sanity-timeline/static/js/bundle.js:77168:67)
    at warnings (http://localhost:3000/zero-sanity-timeline/static/js/bundle.js:75194:68)
    at ./node_modules/webpack-dev-server/client/socket.js/initSocket/< (http://localhost:3000/zero-sanity-timeline/static/js/bundle.js:76832:29)
    at ./node_modules/webpack-dev-server/client/clients/WebSocketClient.js/onMessage/this.client.onmessage (http://localhost:3000/zero-sanity-timeline/static/js/bundle.js:74848:10)
    at EventHandlerNonNull*onMessage (http://localhost:3000/zero-sanity-timeline/static/js/bundle.js:74847:7)
    at initSocket (http://localhost:3000/zero-sanity-timeline/static/js/bundle.js:76825:10)
    at ./node_modules/webpack-dev-server/client/index.js?protocol=ws%3A&hostname=0.0.0.0&port=3000&pathname=%2Fws&logging=none&overlay=%7B%22errors%22%3Atrue%2C%22warnings%22%3Afalse%7D&reconnect=10&hot=true&live-reload=true (http://localhost:3000/zero-sanity-timeline/static/js/bundle.js:75240:55)
    at options.factory (http://localhost:3000/zero-sanity-timeline/static/js/bundle.js:87844:30)
    at __webpack_require__ (http://localhost:3000/zero-sanity-timeline/static/js/bundle.js:87265:32)
    at  (http://localhost:3000/zero-sanity-timeline/static/js/bundle.js:88382:30)
    at  (http://localhost:3000/zero-sanity-timeline/static/js/bundle.js:88386:12)
[   76339ms] [WARNING] An error occurred in the <App> component.

Consider adding an error boundary to your tree to customize error handling behavior.
Visit https://react.dev/link/error-boundaries to learn more about error boundaries.
 @ http://localhost:3000/zero-sanity-timeline/static/js/bundle.js:62609
[   76347ms] ReferenceError: collectTimeStopRegions is not defined
    at  (http://localhost:3000/zero-sanity-timeline/main.d000669dabcb84429d01.hot-update.js:82:19)
    at updateMemo (http://localhost:3000/zero-sanity-timeline/static/js/bundle.js:62288:17)
    at useMemo (http://localhost:3000/zero-sanity-timeline/static/js/bundle.js:71164:16)
    at ./node_modules/react/cjs/react.development.js/exports.useMemo (http://localhost:3000/zero-sanity-timeline/static/js/bundle.js:74417:32)
    at useResourceGraphs (http://localhost:3000/zero-sanity-timeline/main.d000669dabcb84429d01.hot-update.js:74:53)
    at useApp (http://localhost:3000/zero-sanity-timeline/static/js/bundle.js:817:77)
    at App (http://localhost:3000/zero-sanity-timeline/static/js/bundle.js:51:66)
    at react_stack_bottom_frame (http://localhost:3000/zero-sanity-timeline/static/js/bundle.js:70666:18)
    at renderWithHooks (http://localhost:3000/zero-sanity-timeline/static/js/bundle.js:61539:38)
    at updateFunctionComponent (http://localhost:3000/zero-sanity-timeline/static/js/bundle.js:62928:17)
    at beginWork (http://localhost:3000/zero-sanity-timeline/static/js/bundle.js:63497:16)
    at runWithFiberInDEV (http://localhost:3000/zero-sanity-timeline/static/js/bundle.js:58015:125)
    at performUnitOfWork (http://localhost:3000/zero-sanity-timeline/static/js/bundle.js:65924:93)
    at workLoopSync (http://localhost:3000/zero-sanity-timeline/static/js/bundle.js:65819:55)
    at renderRootSync (http://localhost:3000/zero-sanity-timeline/static/js/bundle.js:65804:7)
    at performWorkOnRoot (http://localhost:3000/zero-sanity-timeline/static/js/bundle.js:65477:33)
    at performSyncWorkOnRoot (http://localhost:3000/zero-sanity-timeline/static/js/bundle.js:66587:22)
    at flushSyncWorkAcrossRoots_impl (http://localhost:3000/zero-sanity-timeline/static/js/bundle.js:66502:306)
    at flushSyncWork$1 (http://localhost:3000/zero-sanity-timeline/static/js/bundle.js:65607:82)
    at scheduleRefresh (http://localhost:3000/zero-sanity-timeline/static/js/bundle.js:57428:7)
    at ./node_modules/react-refresh/cjs/react-refresh-runtime.development.js/performReactRefresh/< (http://localhost:3000/zero-sanity-timeline/static/js/bundle.js:73004:21)
    at performReactRefresh (http://localhost:3000/zero-sanity-timeline/static/js/bundle.js:72996:30)
    at ./node_modules/ (pmmmwh/react-refresh-webpack-plugin/lib/runtime/RefreshUtils.js/createDebounceUpdate/enqueueUpdate/refreshTimeout<@http://localhost:3000/zero-sanity-timeline/static/js/bundle.js:56454:17)
    at setTimeout handler*enqueueUpdate (http://localhost:3000/zero-sanity-timeline/static/js/bundle.js:56452:24)
    at executeRuntime (http://localhost:3000/zero-sanity-timeline/static/js/bundle.js:56590:24)
    at $ReactRefreshModuleRuntime$ (http://localhost:3000/zero-sanity-timeline/static/js/bundle.js:411:34)
    at ./src/App.tsx (http://localhost:3000/zero-sanity-timeline/static/js/bundle.js:424:29)
    at options.factory (http://localhost:3000/zero-sanity-timeline/static/js/bundle.js:87844:30)
    at __webpack_require__ (http://localhost:3000/zero-sanity-timeline/static/js/bundle.js:87265:32)
    at _requireSelf (http://localhost:3000/zero-sanity-timeline/static/js/bundle.js:87499:34)
    at onAccepted (http://localhost:3000/zero-sanity-timeline/static/js/bundle.js:88259:23)
    at promise callback*apply (http://localhost:3000/zero-sanity-timeline/static/js/bundle.js:88298:17)
    at internalApply/< (http://localhost:3000/zero-sanity-timeline/static/js/bundle.js:87769:30)
    at internalApply (http://localhost:3000/zero-sanity-timeline/static/js/bundle.js:87768:16)
    at hotCheck/</</</< (http://localhost:3000/zero-sanity-timeline/static/js/bundle.js:87676:26)
    at waitForBlockingPromises (http://localhost:3000/zero-sanity-timeline/static/js/bundle.js:87630:48)
    at hotCheck/</</< (http://localhost:3000/zero-sanity-timeline/static/js/bundle.js:87674:24)
    at promise callback*hotCheck/</< (http://localhost:3000/zero-sanity-timeline/static/js/bundle.js:87673:18)
    at promise callback*hotCheck/< (http://localhost:3000/zero-sanity-timeline/static/js/bundle.js:87653:43)
    at promise callback*hotCheck (http://localhost:3000/zero-sanity-timeline/static/js/bundle.js:87644:15)
    at check (http://localhost:3000/zero-sanity-timeline/static/js/bundle.js:77278:16)
    at handler (http://localhost:3000/zero-sanity-timeline/static/js/bundle.js:77316:7)
    at emit (http://localhost:3000/zero-sanity-timeline/static/js/bundle.js:57061:17)
    at reloadApp (http://localhost:3000/zero-sanity-timeline/static/js/bundle.js:77168:67)
    at warnings (http://localhost:3000/zero-sanity-timeline/static/js/bundle.js:75194:68)
    at ./node_modules/webpack-dev-server/client/socket.js/initSocket/< (http://localhost:3000/zero-sanity-timeline/static/js/bundle.js:76832:29)
    at ./node_modules/webpack-dev-server/client/clients/WebSocketClient.js/onMessage/this.client.onmessage (http://localhost:3000/zero-sanity-timeline/static/js/bundle.js:74848:10)
    at EventHandlerNonNull*onMessage (http://localhost:3000/zero-sanity-timeline/static/js/bundle.js:74847:7)
    at initSocket (http://localhost:3000/zero-sanity-timeline/static/js/bundle.js:76825:10)
    at ./node_modules/webpack-dev-server/client/index.js?protocol=ws%3A&hostname=0.0.0.0&port=3000&pathname=%2Fws&logging=none&overlay=%7B%22errors%22%3Atrue%2C%22warnings%22%3Afalse%7D&reconnect=10&hot=true&live-reload=true (http://localhost:3000/zero-sanity-timeline/static/js/bundle.js:75240:55)
    at options.factory (http://localhost:3000/zero-sanity-timeline/static/js/bundle.js:87844:30)
    at __webpack_require__ (http://localhost:3000/zero-sanity-timeline/static/js/bundle.js:87265:32)
    at  (http://localhost:3000/zero-sanity-timeline/static/js/bundle.js:88382:30)
    at  (http://localhost:3000/zero-sanity-timeline/static/js/bundle.js:88386:12)
