[ 2177362ms] [WARNING] An error occurred in the <CombatSheet> component.

Consider adding an error boundary to your tree to customize error handling behavior.
Visit https://react.dev/link/error-boundaries to learn more about error boundaries.
 @ http://localhost:3000/zero-sanity-timeline/static/js/bundle.js:66750
[ 2177371ms] TypeError: can't access property "find", this.scorchingHeartEvents is undefined
    at getIgnoredResistance (http://localhost:3000/zero-sanity-timeline/main.fa9412239c874e50628f.hot-update.js:446:22)
    at buildDamageTableRows (http://localhost:3000/zero-sanity-timeline/static/js/src_view_CombatSheet_tsx.chunk.js:608:47)
    at ./src/view/CombatSheet.tsx/CombatSheet/rows< (http://localhost:3000/zero-sanity-timeline/static/js/src_view_CombatSheet_tsx.chunk.js:1098:165)
    at updateMemo (http://localhost:3000/zero-sanity-timeline/static/js/bundle.js:66429:17)
    at useMemo (http://localhost:3000/zero-sanity-timeline/static/js/bundle.js:75305:16)
    at ./node_modules/react/cjs/react.development.js/exports.useMemo (http://localhost:3000/zero-sanity-timeline/static/js/bundle.js:78558:32)
    at CombatSheet (http://localhost:3000/zero-sanity-timeline/static/js/src_view_CombatSheet_tsx.chunk.js:1098:62)
    at react_stack_bottom_frame (http://localhost:3000/zero-sanity-timeline/static/js/bundle.js:74807:18)
    at renderWithHooks (http://localhost:3000/zero-sanity-timeline/static/js/bundle.js:65680:38)
    at updateFunctionComponent (http://localhost:3000/zero-sanity-timeline/static/js/bundle.js:67069:17)
    at beginWork (http://localhost:3000/zero-sanity-timeline/static/js/bundle.js:67638:16)
    at runWithFiberInDEV (http://localhost:3000/zero-sanity-timeline/static/js/bundle.js:62156:125)
    at performUnitOfWork (http://localhost:3000/zero-sanity-timeline/static/js/bundle.js:70065:93)
    at workLoopSync (http://localhost:3000/zero-sanity-timeline/static/js/bundle.js:69960:55)
    at renderRootSync (http://localhost:3000/zero-sanity-timeline/static/js/bundle.js:69945:7)
    at performWorkOnRoot (http://localhost:3000/zero-sanity-timeline/static/js/bundle.js:69618:33)
    at performSyncWorkOnRoot (http://localhost:3000/zero-sanity-timeline/static/js/bundle.js:70728:22)
    at flushSyncWorkAcrossRoots_impl (http://localhost:3000/zero-sanity-timeline/static/js/bundle.js:70643:306)
    at flushSyncWork$1 (http://localhost:3000/zero-sanity-timeline/static/js/bundle.js:69748:82)
    at scheduleRefresh (http://localhost:3000/zero-sanity-timeline/static/js/bundle.js:61569:7)
    at ./node_modules/react-refresh/cjs/react-refresh-runtime.development.js/performReactRefresh/< (http://localhost:3000/zero-sanity-timeline/static/js/bundle.js:77145:21)
    at performReactRefresh (http://localhost:3000/zero-sanity-timeline/static/js/bundle.js:77137:30)
    at ./node_modules/ (pmmmwh/react-refresh-webpack-plugin/lib/runtime/RefreshUtils.js/createDebounceUpdate/enqueueUpdate/refreshTimeout<@http://localhost:3000/zero-sanity-timeline/static/js/bundle.js:60595:17)
    at setTimeout handler*enqueueUpdate (http://localhost:3000/zero-sanity-timeline/static/js/bundle.js:60593:24)
    at executeRuntime (http://localhost:3000/zero-sanity-timeline/static/js/bundle.js:60731:24)
    at $ReactRefreshModuleRuntime$ (http://localhost:3000/zero-sanity-timeline/static/js/src_view_CombatSheet_tsx.chunk.js:1534:34)
    at ./src/view/CombatSheet.tsx (http://localhost:3000/zero-sanity-timeline/static/js/src_view_CombatSheet_tsx.chunk.js:1547:29)
    at options.factory (http://localhost:3000/zero-sanity-timeline/static/js/bundle.js:92299:30)
    at __webpack_require__ (http://localhost:3000/zero-sanity-timeline/static/js/bundle.js:91696:32)
    at _requireSelf (http://localhost:3000/zero-sanity-timeline/static/js/bundle.js:91954:34)
    at onAccepted (http://localhost:3000/zero-sanity-timeline/static/js/bundle.js:92751:23)
    at promise callback*apply (http://localhost:3000/zero-sanity-timeline/static/js/bundle.js:92790:17)
    at internalApply/< (http://localhost:3000/zero-sanity-timeline/static/js/bundle.js:92224:30)
    at internalApply (http://localhost:3000/zero-sanity-timeline/static/js/bundle.js:92223:16)
    at hotCheck/</</</< (http://localhost:3000/zero-sanity-timeline/static/js/bundle.js:92131:26)
    at waitForBlockingPromises (http://localhost:3000/zero-sanity-timeline/static/js/bundle.js:92085:48)
    at hotCheck/</</< (http://localhost:3000/zero-sanity-timeline/static/js/bundle.js:92129:24)
    at promise callback*hotCheck/</< (http://localhost:3000/zero-sanity-timeline/static/js/bundle.js:92128:18)
    at promise callback*hotCheck/< (http://localhost:3000/zero-sanity-timeline/static/js/bundle.js:92108:43)
    at promise callback*hotCheck (http://localhost:3000/zero-sanity-timeline/static/js/bundle.js:92099:15)
    at check (http://localhost:3000/zero-sanity-timeline/static/js/bundle.js:81419:16)
    at handler (http://localhost:3000/zero-sanity-timeline/static/js/bundle.js:81457:7)
    at emit (http://localhost:3000/zero-sanity-timeline/static/js/bundle.js:61202:17)
    at reloadApp (http://localhost:3000/zero-sanity-timeline/static/js/bundle.js:81309:67)
    at warnings (http://localhost:3000/zero-sanity-timeline/static/js/bundle.js:79335:68)
    at ./node_modules/webpack-dev-server/client/socket.js/initSocket/< (http://localhost:3000/zero-sanity-timeline/static/js/bundle.js:80973:29)
    at ./node_modules/webpack-dev-server/client/clients/WebSocketClient.js/onMessage/this.client.onmessage (http://localhost:3000/zero-sanity-timeline/static/js/bundle.js:78989:10)
    at EventHandlerNonNull*onMessage (http://localhost:3000/zero-sanity-timeline/static/js/bundle.js:78988:7)
    at initSocket (http://localhost:3000/zero-sanity-timeline/static/js/bundle.js:80966:10)
    at ./node_modules/webpack-dev-server/client/index.js?protocol=ws%3A&hostname=0.0.0.0&port=3000&pathname=%2Fws&logging=none&overlay=%7B%22errors%22%3Atrue%2C%22warnings%22%3Afalse%7D&reconnect=10&hot=true&live-reload=true (http://localhost:3000/zero-sanity-timeline/static/js/bundle.js:79381:55)
    at options.factory (http://localhost:3000/zero-sanity-timeline/static/js/bundle.js:92299:30)
    at __webpack_require__ (http://localhost:3000/zero-sanity-timeline/static/js/bundle.js:91696:32)
    at  (http://localhost:3000/zero-sanity-timeline/static/js/bundle.js:92901:30)
    at  (http://localhost:3000/zero-sanity-timeline/static/js/bundle.js:92905:12)
[ 2184475ms] [WARNING] An error occurred in the <CombatSheet> component.

Consider adding an error boundary to your tree to customize error handling behavior.
Visit https://react.dev/link/error-boundaries to learn more about error boundaries.
 @ http://localhost:3000/zero-sanity-timeline/static/js/bundle.js:66750
[ 2184480ms] TypeError: can't access property "find", this.scorchingHeartEvents is undefined
    at getIgnoredResistance (http://localhost:3000/zero-sanity-timeline/main.47c4825b94f4508ca6e3.hot-update.js:447:22)
    at buildDamageTableRows (http://localhost:3000/zero-sanity-timeline/static/js/src_view_CombatSheet_tsx.chunk.js:608:47)
    at ./src/view/CombatSheet.tsx/CombatSheet/rows< (http://localhost:3000/zero-sanity-timeline/static/js/src_view_CombatSheet_tsx.chunk.js:1098:165)
    at mountMemo (http://localhost:3000/zero-sanity-timeline/static/js/bundle.js:66412:21)
    at useMemo (http://localhost:3000/zero-sanity-timeline/static/js/bundle.js:75053:16)
    at ./node_modules/react/cjs/react.development.js/exports.useMemo (http://localhost:3000/zero-sanity-timeline/static/js/bundle.js:78558:32)
    at CombatSheet (http://localhost:3000/zero-sanity-timeline/static/js/src_view_CombatSheet_tsx.chunk.js:1098:62)
    at react_stack_bottom_frame (http://localhost:3000/zero-sanity-timeline/static/js/bundle.js:74807:18)
    at renderWithHooks (http://localhost:3000/zero-sanity-timeline/static/js/bundle.js:65680:38)
    at updateFunctionComponent (http://localhost:3000/zero-sanity-timeline/static/js/bundle.js:67069:17)
    at beginWork (http://localhost:3000/zero-sanity-timeline/static/js/bundle.js:67620:631)
    at runWithFiberInDEV (http://localhost:3000/zero-sanity-timeline/static/js/bundle.js:62156:125)
    at performUnitOfWork (http://localhost:3000/zero-sanity-timeline/static/js/bundle.js:70065:93)
    at workLoopSync (http://localhost:3000/zero-sanity-timeline/static/js/bundle.js:69960:55)
    at renderRootSync (http://localhost:3000/zero-sanity-timeline/static/js/bundle.js:69945:7)
    at performWorkOnRoot (http://localhost:3000/zero-sanity-timeline/static/js/bundle.js:69618:33)
    at performWorkOnRootViaSchedulerTask (http://localhost:3000/zero-sanity-timeline/static/js/bundle.js:70720:22)
    at performWorkUntilDeadline (http://localhost:3000/zero-sanity-timeline/static/js/bundle.js:78656:54)
    at EventHandlerNonNull*./node_modules/scheduler/cjs/scheduler.development.js/< (http://localhost:3000/zero-sanity-timeline/static/js/bundle.js:78775:5)
    at ./node_modules/scheduler/cjs/scheduler.development.js (http://localhost:3000/zero-sanity-timeline/static/js/bundle.js:78882:2)
    at options.factory (http://localhost:3000/zero-sanity-timeline/static/js/bundle.js:92299:30)
    at __webpack_require__ (http://localhost:3000/zero-sanity-timeline/static/js/bundle.js:91696:32)
    at fn (http://localhost:3000/zero-sanity-timeline/static/js/bundle.js:91914:21)
    at hotRequire (http://localhost:3000/zero-sanity-timeline/static/js/bundle.js:92282:61)
    at ./node_modules/scheduler/index.js (http://localhost:3000/zero-sanity-timeline/static/js/bundle.js:78897:20)
    at options.factory (http://localhost:3000/zero-sanity-timeline/static/js/bundle.js:92299:30)
    at __webpack_require__ (http://localhost:3000/zero-sanity-timeline/static/js/bundle.js:91696:32)
    at fn (http://localhost:3000/zero-sanity-timeline/static/js/bundle.js:91914:21)
    at hotRequire (http://localhost:3000/zero-sanity-timeline/static/js/bundle.js:92282:61)
    at ./node_modules/react-dom/cjs/react-dom-client.development.js/< (http://localhost:3000/zero-sanity-timeline/static/js/bundle.js:73474:38)
    at ./node_modules/react-dom/cjs/react-dom-client.development.js (http://localhost:3000/zero-sanity-timeline/static/js/bundle.js:76614:2)
    at options.factory (http://localhost:3000/zero-sanity-timeline/static/js/bundle.js:92299:30)
    at __webpack_require__ (http://localhost:3000/zero-sanity-timeline/static/js/bundle.js:91696:32)
    at fn (http://localhost:3000/zero-sanity-timeline/static/js/bundle.js:91914:21)
    at hotRequire (http://localhost:3000/zero-sanity-timeline/static/js/bundle.js:92282:61)
    at ./node_modules/react-dom/client.js (http://localhost:3000/zero-sanity-timeline/static/js/bundle.js:76838:20)
    at options.factory (http://localhost:3000/zero-sanity-timeline/static/js/bundle.js:92299:30)
    at __webpack_require__ (http://localhost:3000/zero-sanity-timeline/static/js/bundle.js:91696:32)
    at fn (http://localhost:3000/zero-sanity-timeline/static/js/bundle.js:91914:21)
    at hotRequire (http://localhost:3000/zero-sanity-timeline/static/js/bundle.js:92282:61)
    at ./src/index.tsx (http://localhost:3000/zero-sanity-timeline/static/js/bundle.js:18758:93)
    at options.factory (http://localhost:3000/zero-sanity-timeline/static/js/bundle.js:92299:30)
    at __webpack_require__ (http://localhost:3000/zero-sanity-timeline/static/js/bundle.js:91696:32)
    at  (http://localhost:3000/zero-sanity-timeline/static/js/bundle.js:92903:56)
    at  (http://localhost:3000/zero-sanity-timeline/static/js/bundle.js:92905:12)
